<?xml version="1.0" encoding="UTF-8"?>
<testng-results ignored="0" total="2" passed="2" failed="0" skipped="0">
  <reporter-output>
  </reporter-output>
  <suite started-at="2020-01-17T19:01:29 IST" name="Default suite" finished-at="2020-01-17T19:02:00 IST" duration-ms="31335">
    <groups>
    </groups>
    <test started-at="2020-01-17T19:01:29 IST" name="Default test" finished-at="2020-01-17T19:02:00 IST" duration-ms="31335">
      <class name="com.crmpro.qa.testcases.LoginPageTest">
        <test-method is-config="true" signature="logintoApp()[pri:0, instance:com.crmpro.qa.testcases.LoginPageTest@43599640]" started-at="2020-01-17T19:01:29 IST" name="logintoApp" finished-at="2020-01-17T19:01:44 IST" duration-ms="15217" status="PASS">
          <reporter-output>
          </reporter-output>
        </test-method> <!-- logintoApp -->
        <test-method signature="pageTitleTest()[pri:1, instance:com.crmpro.qa.testcases.LoginPageTest@43599640]" started-at="2020-01-17T19:01:44 IST" name="pageTitleTest" finished-at="2020-01-17T19:01:44 IST" duration-ms="29" status="PASS">
          <reporter-output>
          </reporter-output>
        </test-method> <!-- pageTitleTest -->
        <test-method is-config="true" signature="tearDown()[pri:0, instance:com.crmpro.qa.testcases.LoginPageTest@43599640]" started-at="2020-01-17T19:01:44 IST" name="tearDown" finished-at="2020-01-17T19:01:45 IST" duration-ms="780" status="PASS">
          <reporter-output>
          </reporter-output>
        </test-method> <!-- tearDown -->
        <test-method is-config="true" signature="logintoApp()[pri:0, instance:com.crmpro.qa.testcases.LoginPageTest@43599640]" started-at="2020-01-17T19:01:45 IST" name="logintoApp" finished-at="2020-01-17T19:01:59 IST" duration-ms="14024" status="PASS">
          <reporter-output>
          </reporter-output>
        </test-method> <!-- logintoApp -->
        <test-method signature="loginTest()[pri:2, instance:com.crmpro.qa.testcases.LoginPageTest@43599640]" started-at="2020-01-17T19:01:59 IST" name="loginTest" finished-at="2020-01-17T19:01:59 IST" duration-ms="509" status="PASS">
          <reporter-output>
          </reporter-output>
        </test-method> <!-- loginTest -->
        <test-method is-config="true" signature="tearDown()[pri:0, instance:com.crmpro.qa.testcases.LoginPageTest@43599640]" started-at="2020-01-17T19:01:59 IST" name="tearDown" finished-at="2020-01-17T19:02:00 IST" duration-ms="715" status="PASS">
          <reporter-output>
          </reporter-output>
        </test-method> <!-- tearDown -->
      </class> <!-- com.crmpro.qa.testcases.LoginPageTest -->
    </test> <!-- Default test -->
  </suite> <!-- Default suite -->
</testng-results>
